<?xml version="1.0" encoding="UTF-8"?>
<!-- Generated by org.testng.reporters.JUnitReportReporter -->
<testsuite hostname="DESKTOP-O949GMR" failures="0" tests="1" name="cucumber.TestNGTestRunner" time="11.937" errors="0" timestamp="2023-08-25T20:18:32 IST" skipped="0">
  <testcase classname="cucumber.TestNGTestRunner" name="runScenario" time="11.937"/>
</testsuite> <!-- cucumber.TestNGTestRunner -->
