<?xml version="1.0" encoding="UTF-8"?>
<!-- Generated by org.testng.reporters.JUnitReportReporter -->
<testsuite hostname="DESKTOP-MR4E6NK" failures="0" tests="2" name="testPractice.FramewokTutorial.StandaloneTest2" time="31.662" errors="0" timestamp="2023-06-24T17:52:32 IST" skipped="0">
  <testcase classname="testPractice.FramewokTutorial.StandaloneTest2" name="SubmitOrder" time="17.711"/>
  <system-out/>
  <testcase classname="testPractice.FramewokTutorial.StandaloneTest2" name="SubmitOrder" time="13.951"/>
  <system-out/>
</testsuite> <!-- testPractice.FramewokTutorial.StandaloneTest2 -->
