<?xml version="1.0" encoding="UTF-8"?>
<!-- Generated by org.testng.reporters.JUnitReportReporter -->
<testsuite hostname="DESKTOP-MR4E6NK" failures="0" tests="1" name="testPractice.FramewokTutorial.ErrorValidationsTest" time="9.244" errors="0" timestamp="2023-06-24T22:29:04 IST" skipped="0">
  <testcase classname="testPractice.FramewokTutorial.ErrorValidationsTest" name="LoginErrorValidation" time="9.244"/>
  <system-out/>
</testsuite> <!-- testPractice.FramewokTutorial.ErrorValidationsTest -->
