<?xml version="1.0" encoding="UTF-8"?>
<!-- Generated by org.testng.reporters.JUnitReportReporter -->
<testsuite hostname="DESKTOP-MR4E6NK" failures="0" tests="1" name="testPractice.FramewokTutorial.ErrorValidationsTest" time="9.765" errors="0" timestamp="2023-06-25T18:06:34 IST" skipped="0">
  <testcase classname="testPractice.FramewokTutorial.ErrorValidationsTest" name="LoginErrorValidation" time="9.765"/>
</testsuite> <!-- testPractice.FramewokTutorial.ErrorValidationsTest -->
