<?xml version="1.0" encoding="UTF-8"?>
<!-- Generated by org.testng.reporters.JUnitReportReporter -->
<testsuite hostname="DESKTOP-MR4E6NK" failures="0" tests="2" name="testPractice.FramewokTutorial.SubmitOrderTest" time="30.885" errors="0" timestamp="2023-06-25T17:46:53 IST" skipped="0">
  <testcase classname="testPractice.FramewokTutorial.SubmitOrderTest" name="SubmitOrder" time="14.106"/>
  <testcase classname="testPractice.FramewokTutorial.SubmitOrderTest" name="SubmitOrder" time="16.779"/>
</testsuite> <!-- testPractice.FramewokTutorial.SubmitOrderTest -->
