<?xml version="1.0" encoding="UTF-8"?>
<!-- Generated by org.testng.reporters.JUnitReportReporter -->
<testsuite hostname="DESKTOP-MR4E6NK" failures="0" tests="1" name="cucumber.TestNGTestRunner" time="14.600" errors="0" timestamp="2023-06-25T18:11:14 IST" skipped="0">
  <testcase classname="cucumber.TestNGTestRunner" name="runScenario" time="14.600"/>
</testsuite> <!-- cucumber.TestNGTestRunner -->
